Channels:
 - conda-forge
Platform: osx-arm64
Collecting package metadata (repodata.json): ...working... done
Solving environment: ...working... done

## Package Plan ##

  environment location: /Users/powers/.julia/conda/3/aarch64

  added / updated specs:
    - ta-lib


The following packages will be downloaded:

    package                    |            build
    ---------------------------|-----------------
    libta-lib-0.4.0            |       hb547adb_2         236 KB  conda-forge
    ta-lib-0.5.1               |  py312hea69d52_0         508 KB  conda-forge
    ------------------------------------------------------------
                                           Total:         744 KB

The following NEW packages will be INSTALLED:

  libta-lib          conda-forge/osx-arm64::libta-lib-0.4.0-hb547adb_2 
  ta-lib             conda-forge/osx-arm64::ta-lib-0.5.1-py312hea69d52_0 



Downloading and Extracting Packages: ...working... done
Preparing transaction: ...working... done
Verifying transaction: ...working... done
Executing transaction: ...working... done
[ Info: Installing TA-Lib via conda-forge...
[ Info: Running `conda install -y -c conda-forge ta-lib` in root environment
[ Info: TA-Lib installation completed
